<?xml version="1.0" encoding="UTF-8"?>
<testsuite name="AppTest" tests="1" skipped="0" failures="0" errors="0" timestamp="2016-01-08T17:29:55" hostname="epicodus-33.local" time="0.002">
  <properties/>
  <testcase name="wordPuzzle_shouldReplaceAllVowels_allVowelsToDashes" classname="AppTest" time="0.002"/>
  <system-out><![CDATA[]]></system-out>
  <system-err><![CDATA[]]></system-err>
</testsuite>
