<?xml version="1.0" encoding="UTF-8"?>
<testsuite name="IntegrationTest" tests="2" skipped="0" failures="0" errors="0" timestamp="2016-01-08T17:25:30" hostname="epicodus-33.local" time="0.264">
  <properties/>
  <testcase name="homePage" classname="IntegrationTest" time="0.25"/>
  <testcase name="rootTest" classname="IntegrationTest" time="0.009"/>
  <system-out><![CDATA[]]></system-out>
  <system-err><![CDATA[[Thread-4] INFO spark.webserver.SparkServer - == Spark has ignited ...
[Thread-4] INFO spark.webserver.SparkServer - >> Listening on 0.0.0.0:4567
[Thread-4] INFO org.eclipse.jetty.server.Server - jetty-9.0.2.v20130417
[Thread-4] INFO org.eclipse.jetty.server.ServerConnector - Started ServerConnector@61218ffc{HTTP/1.1}{0.0.0.0:4567}
[Test worker] INFO spark.webserver.SparkServer - >>> Spark shutting down ...
[Test worker] INFO org.eclipse.jetty.server.Server - Graceful shutdown org.eclipse.jetty.server.Server@4abab88b by 
[Test worker] INFO org.eclipse.jetty.server.ServerConnector - Stopped ServerConnector@61218ffc{HTTP/1.1}{0.0.0.0:4567}
[Test worker] INFO spark.webserver.SparkServer - done
]]></system-err>
</testsuite>
